{
  "/Users/ales/Desktop/Cources/React/react-performance/src/App.tsx": {
    "path": "/Users/ales/Desktop/Cources/React/react-performance/src/App.tsx",
    "all": false,
    "statementMap": {
      "0": {
        "start": { "line": 1, "column": 0 },
        "end": { "line": 1, "column": 34 }
      },
      "1": {
        "start": { "line": 2, "column": 0 },
        "end": { "line": 2, "column": 55 }
      },
      "3": {
        "start": { "line": 4, "column": 0 },
        "end": { "line": 4, "column": 63 }
      },
      "4": {
        "start": { "line": 5, "column": 0 },
        "end": { "line": 5, "column": 68 }
      },
      "5": {
        "start": { "line": 6, "column": 0 },
        "end": { "line": 6, "column": 40 }
      },
      "6": {
        "start": { "line": 7, "column": 0 },
        "end": { "line": 7, "column": 33 }
      },
      "8": {
        "start": { "line": 9, "column": 0 },
        "end": { "line": 9, "column": 16 }
      },
      "9": {
        "start": { "line": 10, "column": 0 },
        "end": { "line": 10, "column": 46 }
      },
      "10": {
        "start": { "line": 11, "column": 0 },
        "end": { "line": 11, "column": 71 }
      },
      "12": {
        "start": { "line": 13, "column": 0 },
        "end": { "line": 13, "column": 19 }
      },
      "13": {
        "start": { "line": 14, "column": 0 },
        "end": { "line": 14, "column": 29 }
      },
      "14": {
        "start": { "line": 15, "column": 0 },
        "end": { "line": 15, "column": 17 }
      },
      "16": {
        "start": { "line": 17, "column": 0 },
        "end": { "line": 17, "column": 14 }
      },
      "17": {
        "start": { "line": 18, "column": 0 },
        "end": { "line": 18, "column": 37 }
      },
      "18": {
        "start": { "line": 19, "column": 0 },
        "end": { "line": 19, "column": 3 }
      },
      "20": {
        "start": { "line": 21, "column": 0 },
        "end": { "line": 21, "column": 10 }
      },
      "21": {
        "start": { "line": 22, "column": 0 },
        "end": { "line": 22, "column": 37 }
      },
      "22": {
        "start": { "line": 23, "column": 0 },
        "end": { "line": 23, "column": 27 }
      },
      "23": {
        "start": { "line": 24, "column": 0 },
        "end": { "line": 24, "column": 26 }
      },
      "24": {
        "start": { "line": 25, "column": 0 },
        "end": { "line": 25, "column": 12 }
      },
      "25": {
        "start": { "line": 26, "column": 0 },
        "end": { "line": 26, "column": 15 }
      },
      "27": {
        "start": { "line": 28, "column": 0 },
        "end": { "line": 28, "column": 1 }
      },
      "29": {
        "start": { "line": 30, "column": 0 },
        "end": { "line": 30, "column": 19 }
      }
    },
    "s": {
      "0": 1,
      "1": 1,
      "3": 1,
      "4": 1,
      "5": 1,
      "6": 1,
      "8": 18,
      "9": 18,
      "10": 18,
      "12": 18,
      "13": 10,
      "14": 18,
      "16": 18,
      "17": 0,
      "18": 0,
      "20": 18,
      "21": 18,
      "22": 18,
      "23": 18,
      "24": 18,
      "25": 18,
      "27": 18,
      "29": 1
    },
    "branchMap": {
      "0": {
        "type": "branch",
        "line": 9,
        "loc": {
          "start": { "line": 9, "column": 0 },
          "end": { "line": 28, "column": 1 }
        },
        "locations": [
          {
            "start": { "line": 9, "column": 0 },
            "end": { "line": 28, "column": 1 }
          }
        ]
      },
      "1": {
        "type": "branch",
        "line": 17,
        "loc": {
          "start": { "line": 17, "column": 13 },
          "end": { "line": 19, "column": 3 }
        },
        "locations": [
          {
            "start": { "line": 17, "column": 13 },
            "end": { "line": 19, "column": 3 }
          }
        ]
      },
      "2": {
        "type": "branch",
        "line": 11,
        "loc": {
          "start": { "line": 11, "column": 32 },
          "end": { "line": 11, "column": 69 }
        },
        "locations": [
          {
            "start": { "line": 11, "column": 32 },
            "end": { "line": 11, "column": 69 }
          }
        ]
      },
      "3": {
        "type": "branch",
        "line": 13,
        "loc": {
          "start": { "line": 13, "column": 12 },
          "end": { "line": 15, "column": 5 }
        },
        "locations": [
          {
            "start": { "line": 13, "column": 12 },
            "end": { "line": 15, "column": 5 }
          }
        ]
      }
    },
    "b": { "0": [18], "1": [0], "2": [34], "3": [10] },
    "fnMap": {
      "0": {
        "name": "App",
        "decl": {
          "start": { "line": 9, "column": 0 },
          "end": { "line": 28, "column": 1 }
        },
        "loc": {
          "start": { "line": 9, "column": 0 },
          "end": { "line": 28, "column": 1 }
        },
        "line": 9
      }
    },
    "f": { "0": 18 }
  },
  "/Users/ales/Desktop/Cources/React/react-performance/src/main.tsx": {
    "path": "/Users/ales/Desktop/Cources/React/react-performance/src/main.tsx",
    "all": true,
    "statementMap": {
      "0": {
        "start": { "line": 1, "column": 0 },
        "end": { "line": 1, "column": 35 }
      },
      "1": {
        "start": { "line": 2, "column": 0 },
        "end": { "line": 2, "column": 46 }
      },
      "2": {
        "start": { "line": 3, "column": 0 },
        "end": { "line": 3, "column": 39 }
      },
      "3": {
        "start": { "line": 4, "column": 0 },
        "end": { "line": 4, "column": 28 }
      },
      "4": {
        "start": { "line": 5, "column": 0 },
        "end": { "line": 5, "column": 21 }
      },
      "5": {
        "start": { "line": 6, "column": 0 },
        "end": { "line": 6, "column": 28 }
      },
      "7": {
        "start": { "line": 8, "column": 0 },
        "end": { "line": 8, "column": 66 }
      },
      "8": {
        "start": { "line": 9, "column": 0 },
        "end": { "line": 9, "column": 14 }
      },
      "9": {
        "start": { "line": 10, "column": 0 },
        "end": { "line": 10, "column": 28 }
      },
      "10": {
        "start": { "line": 11, "column": 0 },
        "end": { "line": 11, "column": 13 }
      },
      "11": {
        "start": { "line": 12, "column": 0 },
        "end": { "line": 12, "column": 15 }
      },
      "12": {
        "start": { "line": 13, "column": 0 },
        "end": { "line": 13, "column": 15 }
      },
      "13": {
        "start": { "line": 14, "column": 0 },
        "end": { "line": 14, "column": 2 }
      }
    },
    "s": {
      "0": 0,
      "1": 0,
      "2": 0,
      "3": 0,
      "4": 0,
      "5": 0,
      "7": 0,
      "8": 0,
      "9": 0,
      "10": 0,
      "11": 0,
      "12": 0,
      "13": 0
    },
    "branchMap": {
      "0": {
        "type": "branch",
        "line": 1,
        "loc": {
          "start": { "line": 1, "column": 321 },
          "end": { "line": 14, "column": -239 }
        },
        "locations": [
          {
            "start": { "line": 1, "column": 321 },
            "end": { "line": 14, "column": -239 }
          }
        ]
      }
    },
    "b": { "0": [0] },
    "fnMap": {
      "0": {
        "name": "(empty-report)",
        "decl": {
          "start": { "line": 1, "column": 321 },
          "end": { "line": 14, "column": -239 }
        },
        "loc": {
          "start": { "line": 1, "column": 321 },
          "end": { "line": 14, "column": -239 }
        },
        "line": 1
      }
    },
    "f": { "0": 0 }
  },
  "/Users/ales/Desktop/Cources/React/react-performance/src/Loading/Loading.tsx": {
    "path": "/Users/ales/Desktop/Cources/React/react-performance/src/Loading/Loading.tsx",
    "all": false,
    "statementMap": {
      "0": {
        "start": { "line": 1, "column": 0 },
        "end": { "line": 1, "column": 35 }
      },
      "1": {
        "start": { "line": 2, "column": 0 },
        "end": { "line": 2, "column": 10 }
      },
      "2": {
        "start": { "line": 3, "column": 0 },
        "end": { "line": 3, "column": 39 }
      },
      "3": {
        "start": { "line": 4, "column": 0 },
        "end": { "line": 4, "column": 41 }
      },
      "4": {
        "start": { "line": 5, "column": 0 },
        "end": { "line": 5, "column": 44 }
      },
      "5": {
        "start": { "line": 6, "column": 0 },
        "end": { "line": 6, "column": 10 }
      },
      "7": {
        "start": { "line": 8, "column": 0 },
        "end": { "line": 8, "column": 1 }
      }
    },
    "s": { "0": 3, "1": 3, "2": 3, "3": 3, "4": 3, "5": 3, "7": 3 },
    "branchMap": {
      "0": {
        "type": "branch",
        "line": 1,
        "loc": {
          "start": { "line": 1, "column": 0 },
          "end": { "line": 8, "column": 1 }
        },
        "locations": [
          {
            "start": { "line": 1, "column": 0 },
            "end": { "line": 8, "column": 1 }
          }
        ]
      }
    },
    "b": { "0": [3] },
    "fnMap": {
      "0": {
        "name": "Loading",
        "decl": {
          "start": { "line": 1, "column": 0 },
          "end": { "line": 8, "column": 1 }
        },
        "loc": {
          "start": { "line": 1, "column": 0 },
          "end": { "line": 8, "column": 1 }
        },
        "line": 1
      }
    },
    "f": { "0": 3 }
  },
  "/Users/ales/Desktop/Cources/React/react-performance/src/api/baseFetch.ts": {
    "path": "/Users/ales/Desktop/Cources/React/react-performance/src/api/baseFetch.ts",
    "all": false,
    "statementMap": {
      "0": {
        "start": { "line": 1, "column": 0 },
        "end": { "line": 1, "column": 34 }
      },
      "1": {
        "start": { "line": 2, "column": 0 },
        "end": { "line": 2, "column": 43 }
      },
      "2": {
        "start": { "line": 3, "column": 0 },
        "end": { "line": 3, "column": 54 }
      },
      "3": {
        "start": { "line": 4, "column": 0 },
        "end": { "line": 4, "column": 55 }
      },
      "4": {
        "start": { "line": 5, "column": 0 },
        "end": { "line": 5, "column": 1 }
      },
      "6": {
        "start": { "line": 7, "column": 0 },
        "end": { "line": 7, "column": 40 }
      },
      "7": {
        "start": { "line": 8, "column": 0 },
        "end": { "line": 8, "column": 16 }
      },
      "8": {
        "start": { "line": 9, "column": 0 },
        "end": { "line": 9, "column": 68 }
      },
      "9": {
        "start": { "line": 10, "column": 0 },
        "end": { "line": 10, "column": 3 }
      },
      "10": {
        "start": { "line": 11, "column": 0 },
        "end": { "line": 11, "column": 9 }
      },
      "11": {
        "start": { "line": 12, "column": 0 },
        "end": { "line": 12, "column": 28 }
      },
      "12": {
        "start": { "line": 13, "column": 0 },
        "end": { "line": 13, "column": 20 }
      },
      "13": {
        "start": { "line": 14, "column": 0 },
        "end": { "line": 14, "column": 12 }
      },
      "14": {
        "start": { "line": 15, "column": 0 },
        "end": { "line": 15, "column": 11 }
      },
      "15": {
        "start": { "line": 16, "column": 0 },
        "end": { "line": 16, "column": 14 }
      },
      "17": {
        "start": { "line": 18, "column": 0 },
        "end": { "line": 18, "column": 41 }
      },
      "18": {
        "start": { "line": 19, "column": 0 },
        "end": { "line": 19, "column": 53 }
      },
      "20": {
        "start": { "line": 21, "column": 0 },
        "end": { "line": 21, "column": 7 }
      },
      "21": {
        "start": { "line": 22, "column": 0 },
        "end": { "line": 22, "column": 39 }
      },
      "22": {
        "start": { "line": 23, "column": 0 },
        "end": { "line": 23, "column": 14 }
      },
      "23": {
        "start": { "line": 24, "column": 0 },
        "end": { "line": 24, "column": 16 }
      },
      "24": {
        "start": { "line": 25, "column": 0 },
        "end": { "line": 25, "column": 43 }
      },
      "25": {
        "start": { "line": 26, "column": 0 },
        "end": { "line": 26, "column": 43 }
      },
      "26": {
        "start": { "line": 27, "column": 0 },
        "end": { "line": 27, "column": 19 }
      },
      "27": {
        "start": { "line": 28, "column": 0 },
        "end": { "line": 28, "column": 8 }
      },
      "28": {
        "start": { "line": 29, "column": 0 },
        "end": { "line": 29, "column": 32 }
      },
      "29": {
        "start": { "line": 30, "column": 0 },
        "end": { "line": 30, "column": 7 }
      },
      "31": {
        "start": { "line": 32, "column": 0 },
        "end": { "line": 32, "column": 12 }
      },
      "33": {
        "start": { "line": 34, "column": 0 },
        "end": { "line": 34, "column": 23 }
      },
      "34": {
        "start": { "line": 35, "column": 0 },
        "end": { "line": 35, "column": 59 }
      },
      "35": {
        "start": { "line": 36, "column": 0 },
        "end": { "line": 36, "column": 68 }
      },
      "36": {
        "start": { "line": 37, "column": 0 },
        "end": { "line": 37, "column": 31 }
      },
      "37": {
        "start": { "line": 38, "column": 0 },
        "end": { "line": 38, "column": 5 }
      },
      "39": {
        "start": { "line": 40, "column": 0 },
        "end": { "line": 40, "column": 27 }
      },
      "40": {
        "start": { "line": 41, "column": 0 },
        "end": { "line": 41, "column": 28 }
      },
      "41": {
        "start": { "line": 42, "column": 0 },
        "end": { "line": 42, "column": 12 }
      },
      "43": {
        "start": { "line": 44, "column": 0 },
        "end": { "line": 44, "column": 33 }
      },
      "44": {
        "start": { "line": 45, "column": 0 },
        "end": { "line": 45, "column": 47 }
      },
      "45": {
        "start": { "line": 46, "column": 0 },
        "end": { "line": 46, "column": 39 }
      },
      "46": {
        "start": { "line": 47, "column": 0 },
        "end": { "line": 47, "column": 25 }
      },
      "47": {
        "start": { "line": 48, "column": 0 },
        "end": { "line": 48, "column": 31 }
      },
      "48": {
        "start": { "line": 49, "column": 0 },
        "end": { "line": 49, "column": 27 }
      },
      "49": {
        "start": { "line": 50, "column": 0 },
        "end": { "line": 50, "column": 17 }
      },
      "50": {
        "start": { "line": 51, "column": 0 },
        "end": { "line": 51, "column": 9 }
      },
      "52": {
        "start": { "line": 53, "column": 0 },
        "end": { "line": 53, "column": 40 }
      },
      "53": {
        "start": { "line": 54, "column": 0 },
        "end": { "line": 54, "column": 45 }
      },
      "54": {
        "start": { "line": 55, "column": 0 },
        "end": { "line": 55, "column": 7 }
      },
      "55": {
        "start": { "line": 56, "column": 0 },
        "end": { "line": 56, "column": 12 }
      },
      "56": {
        "start": { "line": 57, "column": 0 },
        "end": { "line": 57, "column": 55 }
      },
      "57": {
        "start": { "line": 58, "column": 0 },
        "end": { "line": 58, "column": 5 }
      },
      "59": {
        "start": { "line": 60, "column": 0 },
        "end": { "line": 60, "column": 16 }
      },
      "60": {
        "start": { "line": 61, "column": 0 },
        "end": { "line": 61, "column": 3 }
      },
      "61": {
        "start": { "line": 62, "column": 0 },
        "end": { "line": 62, "column": 1 }
      }
    },
    "s": {
      "0": 18,
      "1": 18,
      "2": 18,
      "3": 18,
      "4": 18,
      "6": 18,
      "7": 18,
      "8": 18,
      "9": 18,
      "10": 18,
      "11": 18,
      "12": 18,
      "13": 18,
      "14": 18,
      "15": 18,
      "17": 18,
      "18": 18,
      "20": 18,
      "21": 18,
      "22": 18,
      "23": 18,
      "24": 18,
      "25": 18,
      "26": 18,
      "27": 18,
      "28": 18,
      "29": 18,
      "31": 8,
      "33": 10,
      "34": 2,
      "35": 2,
      "36": 2,
      "37": 2,
      "39": 6,
      "40": 18,
      "41": 12,
      "43": 12,
      "44": 12,
      "45": 12,
      "46": 12,
      "47": 12,
      "48": 12,
      "49": 12,
      "50": 12,
      "52": 12,
      "53": 1,
      "54": 1,
      "55": 12,
      "56": 0,
      "57": 0,
      "59": 11,
      "60": 11,
      "61": 18
    },
    "branchMap": {
      "0": {
        "type": "branch",
        "line": 1,
        "loc": {
          "start": { "line": 1, "column": 0 },
          "end": { "line": 5, "column": 1 }
        },
        "locations": [
          {
            "start": { "line": 1, "column": 0 },
            "end": { "line": 5, "column": 1 }
          }
        ]
      },
      "1": {
        "type": "branch",
        "line": 4,
        "loc": {
          "start": { "line": 4, "column": 30 },
          "end": { "line": 4, "column": 53 }
        },
        "locations": [
          {
            "start": { "line": 4, "column": 30 },
            "end": { "line": 4, "column": 53 }
          }
        ]
      },
      "2": {
        "type": "branch",
        "line": 7,
        "loc": {
          "start": { "line": 7, "column": 0 },
          "end": { "line": 62, "column": 1 }
        },
        "locations": [
          {
            "start": { "line": 7, "column": 0 },
            "end": { "line": 62, "column": 1 }
          }
        ]
      },
      "3": {
        "type": "branch",
        "line": 30,
        "loc": {
          "start": { "line": 30, "column": 5 },
          "end": { "line": 41, "column": 11 }
        },
        "locations": [
          {
            "start": { "line": 30, "column": 5 },
            "end": { "line": 41, "column": 11 }
          }
        ]
      },
      "4": {
        "type": "branch",
        "line": 30,
        "loc": {
          "start": { "line": 30, "column": 5 },
          "end": { "line": 34, "column": 22 }
        },
        "locations": [
          {
            "start": { "line": 30, "column": 5 },
            "end": { "line": 34, "column": 22 }
          }
        ]
      },
      "5": {
        "type": "branch",
        "line": 34,
        "loc": {
          "start": { "line": 34, "column": 22 },
          "end": { "line": 38, "column": 5 }
        },
        "locations": [
          {
            "start": { "line": 34, "column": 22 },
            "end": { "line": 38, "column": 5 }
          }
        ]
      },
      "6": {
        "type": "branch",
        "line": 36,
        "loc": {
          "start": { "line": 36, "column": 28 },
          "end": { "line": 36, "column": 68 }
        },
        "locations": [
          {
            "start": { "line": 36, "column": 28 },
            "end": { "line": 36, "column": 68 }
          }
        ]
      },
      "7": {
        "type": "branch",
        "line": 38,
        "loc": {
          "start": { "line": 38, "column": 4 },
          "end": { "line": 41, "column": 11 }
        },
        "locations": [
          {
            "start": { "line": 38, "column": 4 },
            "end": { "line": 41, "column": 11 }
          }
        ]
      },
      "8": {
        "type": "branch",
        "line": 41,
        "loc": {
          "start": { "line": 41, "column": 2 },
          "end": { "line": 61, "column": 3 }
        },
        "locations": [
          {
            "start": { "line": 41, "column": 2 },
            "end": { "line": 61, "column": 3 }
          }
        ]
      },
      "9": {
        "type": "branch",
        "line": 53,
        "loc": {
          "start": { "line": 53, "column": 39 },
          "end": { "line": 55, "column": 7 }
        },
        "locations": [
          {
            "start": { "line": 53, "column": 39 },
            "end": { "line": 55, "column": 7 }
          }
        ]
      },
      "10": {
        "type": "branch",
        "line": 56,
        "loc": {
          "start": { "line": 56, "column": 4 },
          "end": { "line": 58, "column": 5 }
        },
        "locations": [
          {
            "start": { "line": 56, "column": 4 },
            "end": { "line": 58, "column": 5 }
          }
        ]
      },
      "11": {
        "type": "branch",
        "line": 58,
        "loc": {
          "start": { "line": 58, "column": 4 },
          "end": { "line": 61, "column": 3 }
        },
        "locations": [
          {
            "start": { "line": 58, "column": 4 },
            "end": { "line": 61, "column": 3 }
          }
        ]
      }
    },
    "b": {
      "0": [18],
      "1": [20],
      "2": [18],
      "3": [10],
      "4": [8],
      "5": [2],
      "6": [1],
      "7": [6],
      "8": [12],
      "9": [1],
      "10": [0],
      "11": [11]
    },
    "fnMap": {
      "0": {
        "name": "withTimeout",
        "decl": {
          "start": { "line": 1, "column": 0 },
          "end": { "line": 5, "column": 1 }
        },
        "loc": {
          "start": { "line": 1, "column": 0 },
          "end": { "line": 5, "column": 1 }
        },
        "line": 1
      },
      "1": {
        "name": "clear",
        "decl": {
          "start": { "line": 4, "column": 30 },
          "end": { "line": 4, "column": 53 }
        },
        "loc": {
          "start": { "line": 4, "column": 30 },
          "end": { "line": 4, "column": 53 }
        },
        "line": 4
      },
      "2": {
        "name": "baseFetch",
        "decl": {
          "start": { "line": 7, "column": 0 },
          "end": { "line": 62, "column": 1 }
        },
        "loc": {
          "start": { "line": 7, "column": 0 },
          "end": { "line": 62, "column": 1 }
        },
        "line": 7
      }
    },
    "f": { "0": 18, "1": 20, "2": 18 }
  },
  "/Users/ales/Desktop/Cources/React/react-performance/src/api/index.ts": {
    "path": "/Users/ales/Desktop/Cources/React/react-performance/src/api/index.ts",
    "all": false,
    "statementMap": {
      "0": {
        "start": { "line": 1, "column": 0 },
        "end": { "line": 1, "column": 36 }
      },
      "1": {
        "start": { "line": 2, "column": 0 },
        "end": { "line": 2, "column": 80 }
      },
      "2": {
        "start": { "line": 3, "column": 0 },
        "end": { "line": 3, "column": 24 }
      },
      "3": {
        "start": { "line": 4, "column": 0 },
        "end": { "line": 4, "column": 80 }
      },
      "12": {
        "start": { "line": 13, "column": 0 },
        "end": { "line": 13, "column": 53 }
      },
      "13": {
        "start": { "line": 14, "column": 0 },
        "end": { "line": 14, "column": 28 }
      },
      "15": {
        "start": { "line": 16, "column": 0 },
        "end": { "line": 16, "column": 31 }
      },
      "16": {
        "start": { "line": 17, "column": 0 },
        "end": { "line": 17, "column": 36 }
      },
      "17": {
        "start": { "line": 18, "column": 0 },
        "end": { "line": 18, "column": 29 }
      },
      "18": {
        "start": { "line": 19, "column": 0 },
        "end": { "line": 19, "column": 42 }
      },
      "19": {
        "start": { "line": 20, "column": 0 },
        "end": { "line": 20, "column": 15 }
      },
      "20": {
        "start": { "line": 21, "column": 0 },
        "end": { "line": 21, "column": 18 }
      },
      "21": {
        "start": { "line": 22, "column": 0 },
        "end": { "line": 22, "column": 3 }
      },
      "23": {
        "start": { "line": 24, "column": 0 },
        "end": { "line": 24, "column": 7 }
      },
      "24": {
        "start": { "line": 25, "column": 0 },
        "end": { "line": 25, "column": 37 }
      },
      "25": {
        "start": { "line": 26, "column": 0 },
        "end": { "line": 26, "column": 23 }
      },
      "26": {
        "start": { "line": 27, "column": 0 },
        "end": { "line": 27, "column": 20 }
      },
      "27": {
        "start": { "line": 28, "column": 0 },
        "end": { "line": 28, "column": 21 }
      },
      "28": {
        "start": { "line": 29, "column": 0 },
        "end": { "line": 29, "column": 7 }
      },
      "30": {
        "start": { "line": 31, "column": 0 },
        "end": { "line": 31, "column": 40 }
      },
      "31": {
        "start": { "line": 32, "column": 0 },
        "end": { "line": 32, "column": 9 }
      },
      "32": {
        "start": { "line": 33, "column": 0 },
        "end": { "line": 33, "column": 32 }
      },
      "33": {
        "start": { "line": 34, "column": 0 },
        "end": { "line": 34, "column": 30 }
      },
      "34": {
        "start": { "line": 35, "column": 0 },
        "end": { "line": 35, "column": 14 }
      },
      "35": {
        "start": { "line": 36, "column": 0 },
        "end": { "line": 36, "column": 53 }
      },
      "36": {
        "start": { "line": 37, "column": 0 },
        "end": { "line": 37, "column": 7 }
      },
      "37": {
        "start": { "line": 38, "column": 0 },
        "end": { "line": 38, "column": 39 }
      },
      "38": {
        "start": { "line": 39, "column": 0 },
        "end": { "line": 39, "column": 67 }
      },
      "39": {
        "start": { "line": 40, "column": 0 },
        "end": { "line": 40, "column": 21 }
      },
      "40": {
        "start": { "line": 41, "column": 0 },
        "end": { "line": 41, "column": 39 }
      },
      "41": {
        "start": { "line": 42, "column": 0 },
        "end": { "line": 42, "column": 34 }
      },
      "42": {
        "start": { "line": 43, "column": 0 },
        "end": { "line": 43, "column": 43 }
      },
      "43": {
        "start": { "line": 44, "column": 0 },
        "end": { "line": 44, "column": 64 }
      },
      "44": {
        "start": { "line": 45, "column": 0 },
        "end": { "line": 45, "column": 5 }
      },
      "46": {
        "start": { "line": 47, "column": 0 },
        "end": { "line": 47, "column": 51 }
      },
      "47": {
        "start": { "line": 48, "column": 0 },
        "end": { "line": 48, "column": 40 }
      },
      "48": {
        "start": { "line": 49, "column": 0 },
        "end": { "line": 49, "column": 21 }
      },
      "49": {
        "start": { "line": 50, "column": 0 },
        "end": { "line": 50, "column": 19 }
      },
      "50": {
        "start": { "line": 51, "column": 0 },
        "end": { "line": 51, "column": 68 }
      },
      "52": {
        "start": { "line": 53, "column": 0 },
        "end": { "line": 53, "column": 9 }
      },
      "53": {
        "start": { "line": 54, "column": 0 },
        "end": { "line": 54, "column": 61 }
      },
      "55": {
        "start": { "line": 56, "column": 0 },
        "end": { "line": 56, "column": 32 }
      },
      "56": {
        "start": { "line": 57, "column": 0 },
        "end": { "line": 57, "column": 59 }
      },
      "58": {
        "start": { "line": 59, "column": 0 },
        "end": { "line": 59, "column": 44 }
      },
      "59": {
        "start": { "line": 60, "column": 0 },
        "end": { "line": 60, "column": 13 }
      },
      "60": {
        "start": { "line": 61, "column": 0 },
        "end": { "line": 61, "column": 45 }
      },
      "61": {
        "start": { "line": 62, "column": 0 },
        "end": { "line": 62, "column": 43 }
      },
      "62": {
        "start": { "line": 63, "column": 0 },
        "end": { "line": 63, "column": 18 }
      },
      "63": {
        "start": { "line": 64, "column": 0 },
        "end": { "line": 64, "column": 66 }
      },
      "64": {
        "start": { "line": 65, "column": 0 },
        "end": { "line": 65, "column": 11 }
      },
      "65": {
        "start": { "line": 66, "column": 0 },
        "end": { "line": 66, "column": 43 }
      },
      "66": {
        "start": { "line": 67, "column": 0 },
        "end": { "line": 67, "column": 24 }
      },
      "67": {
        "start": { "line": 68, "column": 0 },
        "end": { "line": 68, "column": 55 }
      },
      "68": {
        "start": { "line": 69, "column": 0 },
        "end": { "line": 69, "column": 26 }
      },
      "69": {
        "start": { "line": 70, "column": 0 },
        "end": { "line": 70, "column": 12 }
      },
      "70": {
        "start": { "line": 71, "column": 0 },
        "end": { "line": 71, "column": 25 }
      },
      "71": {
        "start": { "line": 72, "column": 0 },
        "end": { "line": 72, "column": 43 }
      },
      "72": {
        "start": { "line": 73, "column": 0 },
        "end": { "line": 73, "column": 38 }
      },
      "73": {
        "start": { "line": 74, "column": 0 },
        "end": { "line": 74, "column": 47 }
      },
      "74": {
        "start": { "line": 75, "column": 0 },
        "end": { "line": 75, "column": 77 }
      },
      "75": {
        "start": { "line": 76, "column": 0 },
        "end": { "line": 76, "column": 9 }
      },
      "77": {
        "start": { "line": 78, "column": 0 },
        "end": { "line": 78, "column": 55 }
      },
      "78": {
        "start": { "line": 79, "column": 0 },
        "end": { "line": 79, "column": 44 }
      },
      "79": {
        "start": { "line": 80, "column": 0 },
        "end": { "line": 80, "column": 25 }
      },
      "80": {
        "start": { "line": 81, "column": 0 },
        "end": { "line": 81, "column": 7 }
      },
      "81": {
        "start": { "line": 82, "column": 0 },
        "end": { "line": 82, "column": 29 }
      },
      "82": {
        "start": { "line": 83, "column": 0 },
        "end": { "line": 83, "column": 73 }
      },
      "83": {
        "start": { "line": 84, "column": 0 },
        "end": { "line": 84, "column": 5 }
      },
      "85": {
        "start": { "line": 86, "column": 0 },
        "end": { "line": 86, "column": 9 }
      },
      "86": {
        "start": { "line": 87, "column": 0 },
        "end": { "line": 87, "column": 58 }
      },
      "88": {
        "start": { "line": 89, "column": 0 },
        "end": { "line": 89, "column": 29 }
      },
      "89": {
        "start": { "line": 90, "column": 0 },
        "end": { "line": 90, "column": 53 }
      },
      "91": {
        "start": { "line": 92, "column": 0 },
        "end": { "line": 92, "column": 40 }
      },
      "92": {
        "start": { "line": 93, "column": 0 },
        "end": { "line": 93, "column": 51 }
      },
      "93": {
        "start": { "line": 94, "column": 0 },
        "end": { "line": 94, "column": 46 }
      },
      "94": {
        "start": { "line": 95, "column": 0 },
        "end": { "line": 95, "column": 27 }
      },
      "95": {
        "start": { "line": 96, "column": 0 },
        "end": { "line": 96, "column": 9 }
      },
      "96": {
        "start": { "line": 97, "column": 0 },
        "end": { "line": 97, "column": 7 }
      },
      "97": {
        "start": { "line": 98, "column": 0 },
        "end": { "line": 98, "column": 26 }
      },
      "98": {
        "start": { "line": 99, "column": 0 },
        "end": { "line": 99, "column": 59 }
      },
      "99": {
        "start": { "line": 100, "column": 0 },
        "end": { "line": 100, "column": 5 }
      },
      "101": {
        "start": { "line": 102, "column": 0 },
        "end": { "line": 102, "column": 16 }
      },
      "102": {
        "start": { "line": 103, "column": 0 },
        "end": { "line": 103, "column": 3 }
      },
      "103": {
        "start": { "line": 104, "column": 0 },
        "end": { "line": 104, "column": 1 }
      },
      "105": {
        "start": { "line": 106, "column": 0 },
        "end": { "line": 106, "column": 33 }
      },
      "106": {
        "start": { "line": 107, "column": 0 },
        "end": { "line": 107, "column": 36 }
      },
      "107": {
        "start": { "line": 108, "column": 0 },
        "end": { "line": 108, "column": 29 }
      },
      "108": {
        "start": { "line": 109, "column": 0 },
        "end": { "line": 109, "column": 15 }
      },
      "109": {
        "start": { "line": 110, "column": 0 },
        "end": { "line": 110, "column": 34 }
      },
      "110": {
        "start": { "line": 111, "column": 0 },
        "end": { "line": 111, "column": 1 }
      },
      "112": {
        "start": { "line": 113, "column": 0 },
        "end": { "line": 113, "column": 29 }
      },
      "113": {
        "start": { "line": 114, "column": 0 },
        "end": { "line": 114, "column": 20 }
      },
      "114": {
        "start": { "line": 115, "column": 0 },
        "end": { "line": 115, "column": 1 }
      },
      "116": {
        "start": { "line": 117, "column": 0 },
        "end": { "line": 117, "column": 33 }
      },
      "117": {
        "start": { "line": 118, "column": 0 },
        "end": { "line": 118, "column": 22 }
      },
      "118": {
        "start": { "line": 119, "column": 0 },
        "end": { "line": 119, "column": 18 }
      },
      "119": {
        "start": { "line": 120, "column": 0 },
        "end": { "line": 120, "column": 35 }
      },
      "120": {
        "start": { "line": 121, "column": 0 },
        "end": { "line": 121, "column": 49 }
      },
      "121": {
        "start": { "line": 122, "column": 0 },
        "end": { "line": 122, "column": 43 }
      },
      "122": {
        "start": { "line": 123, "column": 0 },
        "end": { "line": 123, "column": 1 }
      },
      "124": {
        "start": { "line": 125, "column": 0 },
        "end": { "line": 125, "column": 38 }
      },
      "125": {
        "start": { "line": 126, "column": 0 },
        "end": { "line": 126, "column": 18 }
      },
      "126": {
        "start": { "line": 127, "column": 0 },
        "end": { "line": 127, "column": 30 }
      },
      "127": {
        "start": { "line": 128, "column": 0 },
        "end": { "line": 128, "column": 49 }
      },
      "129": {
        "start": { "line": 130, "column": 0 },
        "end": { "line": 130, "column": 41 }
      },
      "130": {
        "start": { "line": 131, "column": 0 },
        "end": { "line": 131, "column": 71 }
      },
      "131": {
        "start": { "line": 132, "column": 0 },
        "end": { "line": 132, "column": 32 }
      },
      "132": {
        "start": { "line": 133, "column": 0 },
        "end": { "line": 133, "column": 32 }
      },
      "133": {
        "start": { "line": 134, "column": 0 },
        "end": { "line": 134, "column": 57 }
      },
      "135": {
        "start": { "line": 136, "column": 0 },
        "end": { "line": 136, "column": 31 }
      },
      "136": {
        "start": { "line": 137, "column": 0 },
        "end": { "line": 137, "column": 66 }
      },
      "137": {
        "start": { "line": 138, "column": 0 },
        "end": { "line": 138, "column": 65 }
      },
      "138": {
        "start": { "line": 139, "column": 0 },
        "end": { "line": 139, "column": 74 }
      },
      "140": {
        "start": { "line": 141, "column": 0 },
        "end": { "line": 141, "column": 22 }
      },
      "141": {
        "start": { "line": 142, "column": 0 },
        "end": { "line": 142, "column": 26 }
      },
      "142": {
        "start": { "line": 143, "column": 0 },
        "end": { "line": 143, "column": 23 }
      },
      "143": {
        "start": { "line": 144, "column": 0 },
        "end": { "line": 144, "column": 25 }
      },
      "144": {
        "start": { "line": 145, "column": 0 },
        "end": { "line": 145, "column": 20 }
      },
      "145": {
        "start": { "line": 146, "column": 0 },
        "end": { "line": 146, "column": 24 }
      },
      "146": {
        "start": { "line": 147, "column": 0 },
        "end": { "line": 147, "column": 39 }
      },
      "147": {
        "start": { "line": 148, "column": 0 },
        "end": { "line": 148, "column": 10 }
      },
      "148": {
        "start": { "line": 149, "column": 0 },
        "end": { "line": 149, "column": 38 }
      },
      "149": {
        "start": { "line": 150, "column": 0 },
        "end": { "line": 150, "column": 9 }
      },
      "150": {
        "start": { "line": 151, "column": 0 },
        "end": { "line": 151, "column": 5 }
      },
      "151": {
        "start": { "line": 152, "column": 0 },
        "end": { "line": 152, "column": 5 }
      },
      "153": {
        "start": { "line": 154, "column": 0 },
        "end": { "line": 154, "column": 71 }
      },
      "154": {
        "start": { "line": 155, "column": 0 },
        "end": { "line": 155, "column": 1 }
      },
      "156": {
        "start": { "line": 157, "column": 0 },
        "end": { "line": 157, "column": 33 }
      },
      "157": {
        "start": { "line": 158, "column": 0 },
        "end": { "line": 158, "column": 13 }
      },
      "158": {
        "start": { "line": 159, "column": 0 },
        "end": { "line": 159, "column": 18 }
      },
      "159": {
        "start": { "line": 160, "column": 0 },
        "end": { "line": 160, "column": 30 }
      },
      "160": {
        "start": { "line": 161, "column": 0 },
        "end": { "line": 161, "column": 52 }
      },
      "161": {
        "start": { "line": 162, "column": 0 },
        "end": { "line": 162, "column": 29 }
      },
      "162": {
        "start": { "line": 163, "column": 0 },
        "end": { "line": 163, "column": 1 }
      },
      "164": {
        "start": { "line": 165, "column": 0 },
        "end": { "line": 165, "column": 34 }
      },
      "165": {
        "start": { "line": 166, "column": 0 },
        "end": { "line": 166, "column": 16 }
      },
      "166": {
        "start": { "line": 167, "column": 0 },
        "end": { "line": 167, "column": 18 }
      },
      "167": {
        "start": { "line": 168, "column": 0 },
        "end": { "line": 168, "column": 22 }
      },
      "168": {
        "start": { "line": 169, "column": 0 },
        "end": { "line": 169, "column": 49 }
      },
      "169": {
        "start": { "line": 170, "column": 0 },
        "end": { "line": 170, "column": 36 }
      },
      "170": {
        "start": { "line": 171, "column": 0 },
        "end": { "line": 171, "column": 48 }
      },
      "171": {
        "start": { "line": 172, "column": 0 },
        "end": { "line": 172, "column": 35 }
      },
      "172": {
        "start": { "line": 173, "column": 0 },
        "end": { "line": 173, "column": 4 }
      },
      "173": {
        "start": { "line": 174, "column": 0 },
        "end": { "line": 174, "column": 1 }
      },
      "175": {
        "start": { "line": 176, "column": 0 },
        "end": { "line": 176, "column": 42 }
      },
      "176": {
        "start": { "line": 177, "column": 0 },
        "end": { "line": 177, "column": 20 }
      },
      "177": {
        "start": { "line": 178, "column": 0 },
        "end": { "line": 178, "column": 18 }
      },
      "178": {
        "start": { "line": 179, "column": 0 },
        "end": { "line": 179, "column": 18 }
      },
      "179": {
        "start": { "line": 180, "column": 0 },
        "end": { "line": 180, "column": 44 }
      },
      "180": {
        "start": { "line": 181, "column": 0 },
        "end": { "line": 181, "column": 49 }
      },
      "181": {
        "start": { "line": 182, "column": 0 },
        "end": { "line": 182, "column": 54 }
      },
      "183": {
        "start": { "line": 184, "column": 0 },
        "end": { "line": 184, "column": 63 }
      },
      "184": {
        "start": { "line": 185, "column": 0 },
        "end": { "line": 185, "column": 34 }
      },
      "185": {
        "start": { "line": 186, "column": 0 },
        "end": { "line": 186, "column": 56 }
      },
      "186": {
        "start": { "line": 187, "column": 0 },
        "end": { "line": 187, "column": 6 }
      },
      "187": {
        "start": { "line": 188, "column": 0 },
        "end": { "line": 188, "column": 56 }
      },
      "188": {
        "start": { "line": 189, "column": 0 },
        "end": { "line": 189, "column": 5 }
      },
      "190": {
        "start": { "line": 191, "column": 0 },
        "end": { "line": 191, "column": 18 }
      },
      "191": {
        "start": { "line": 192, "column": 0 },
        "end": { "line": 192, "column": 1 }
      },
      "193": {
        "start": { "line": 194, "column": 0 },
        "end": { "line": 194, "column": 42 }
      },
      "194": {
        "start": { "line": 195, "column": 0 },
        "end": { "line": 195, "column": 18 }
      },
      "195": {
        "start": { "line": 196, "column": 0 },
        "end": { "line": 196, "column": 56 }
      },
      "196": {
        "start": { "line": 197, "column": 0 },
        "end": { "line": 197, "column": 49 }
      },
      "197": {
        "start": { "line": 198, "column": 0 },
        "end": { "line": 198, "column": 44 }
      },
      "199": {
        "start": { "line": 200, "column": 0 },
        "end": { "line": 200, "column": 51 }
      },
      "200": {
        "start": { "line": 201, "column": 0 },
        "end": { "line": 201, "column": 28 }
      },
      "201": {
        "start": { "line": 202, "column": 0 },
        "end": { "line": 202, "column": 45 }
      },
      "202": {
        "start": { "line": 203, "column": 0 },
        "end": { "line": 203, "column": 73 }
      },
      "203": {
        "start": { "line": 204, "column": 0 },
        "end": { "line": 204, "column": 7 }
      },
      "204": {
        "start": { "line": 205, "column": 0 },
        "end": { "line": 205, "column": 7 }
      },
      "205": {
        "start": { "line": 206, "column": 0 },
        "end": { "line": 206, "column": 5 }
      },
      "207": {
        "start": { "line": 208, "column": 0 },
        "end": { "line": 208, "column": 38 }
      },
      "208": {
        "start": { "line": 209, "column": 0 },
        "end": { "line": 209, "column": 64 }
      },
      "209": {
        "start": { "line": 210, "column": 0 },
        "end": { "line": 210, "column": 37 }
      },
      "210": {
        "start": { "line": 211, "column": 0 },
        "end": { "line": 211, "column": 1 }
      },
      "212": {
        "start": { "line": 213, "column": 0 },
        "end": { "line": 213, "column": 66 }
      },
      "213": {
        "start": { "line": 214, "column": 0 },
        "end": { "line": 214, "column": 32 }
      },
      "214": {
        "start": { "line": 215, "column": 0 },
        "end": { "line": 215, "column": 19 }
      },
      "215": {
        "start": { "line": 216, "column": 0 },
        "end": { "line": 216, "column": 3 }
      },
      "217": {
        "start": { "line": 218, "column": 0 },
        "end": { "line": 218, "column": 47 }
      },
      "218": {
        "start": { "line": 219, "column": 0 },
        "end": { "line": 219, "column": 43 }
      },
      "220": {
        "start": { "line": 221, "column": 0 },
        "end": { "line": 221, "column": 27 }
      },
      "222": {
        "start": { "line": 223, "column": 0 },
        "end": { "line": 223, "column": 53 }
      },
      "224": {
        "start": { "line": 225, "column": 0 },
        "end": { "line": 225, "column": 22 }
      },
      "225": {
        "start": { "line": 226, "column": 0 },
        "end": { "line": 226, "column": 49 }
      },
      "226": {
        "start": { "line": 227, "column": 0 },
        "end": { "line": 227, "column": 45 }
      },
      "228": {
        "start": { "line": 229, "column": 0 },
        "end": { "line": 229, "column": 61 }
      },
      "229": {
        "start": { "line": 230, "column": 0 },
        "end": { "line": 230, "column": 72 }
      },
      "231": {
        "start": { "line": 232, "column": 0 },
        "end": { "line": 232, "column": 65 }
      },
      "232": {
        "start": { "line": 233, "column": 0 },
        "end": { "line": 233, "column": 67 }
      },
      "234": {
        "start": { "line": 235, "column": 0 },
        "end": { "line": 235, "column": 62 }
      },
      "235": {
        "start": { "line": 236, "column": 0 },
        "end": { "line": 236, "column": 72 }
      },
      "236": {
        "start": { "line": 237, "column": 0 },
        "end": { "line": 237, "column": 35 }
      },
      "237": {
        "start": { "line": 238, "column": 0 },
        "end": { "line": 238, "column": 66 }
      },
      "238": {
        "start": { "line": 239, "column": 0 },
        "end": { "line": 239, "column": 24 }
      },
      "239": {
        "start": { "line": 240, "column": 0 },
        "end": { "line": 240, "column": 78 }
      },
      "240": {
        "start": { "line": 241, "column": 0 },
        "end": { "line": 241, "column": 28 }
      },
      "241": {
        "start": { "line": 242, "column": 0 },
        "end": { "line": 242, "column": 47 }
      },
      "242": {
        "start": { "line": 243, "column": 0 },
        "end": { "line": 243, "column": 54 }
      },
      "243": {
        "start": { "line": 244, "column": 0 },
        "end": { "line": 244, "column": 51 }
      },
      "244": {
        "start": { "line": 245, "column": 0 },
        "end": { "line": 245, "column": 52 }
      },
      "245": {
        "start": { "line": 246, "column": 0 },
        "end": { "line": 246, "column": 22 }
      },
      "246": {
        "start": { "line": 247, "column": 0 },
        "end": { "line": 247, "column": 66 }
      },
      "247": {
        "start": { "line": 248, "column": 0 },
        "end": { "line": 248, "column": 66 }
      },
      "248": {
        "start": { "line": 249, "column": 0 },
        "end": { "line": 249, "column": 46 }
      },
      "249": {
        "start": { "line": 250, "column": 0 },
        "end": { "line": 250, "column": 79 }
      },
      "250": {
        "start": { "line": 251, "column": 0 },
        "end": { "line": 251, "column": 72 }
      },
      "251": {
        "start": { "line": 252, "column": 0 },
        "end": { "line": 252, "column": 58 }
      },
      "252": {
        "start": { "line": 253, "column": 0 },
        "end": { "line": 253, "column": 29 }
      },
      "253": {
        "start": { "line": 254, "column": 0 },
        "end": { "line": 254, "column": 58 }
      },
      "254": {
        "start": { "line": 255, "column": 0 },
        "end": { "line": 255, "column": 65 }
      },
      "255": {
        "start": { "line": 256, "column": 0 },
        "end": { "line": 256, "column": 62 }
      },
      "256": {
        "start": { "line": 257, "column": 0 },
        "end": { "line": 257, "column": 62 }
      },
      "257": {
        "start": { "line": 258, "column": 0 },
        "end": { "line": 258, "column": 63 }
      },
      "258": {
        "start": { "line": 259, "column": 0 },
        "end": { "line": 259, "column": 30 }
      },
      "259": {
        "start": { "line": 260, "column": 0 },
        "end": { "line": 260, "column": 68 }
      },
      "260": {
        "start": { "line": 261, "column": 0 },
        "end": { "line": 261, "column": 42 }
      },
      "261": {
        "start": { "line": 262, "column": 0 },
        "end": { "line": 262, "column": 18 }
      },
      "262": {
        "start": { "line": 263, "column": 0 },
        "end": { "line": 263, "column": 15 }
      },
      "263": {
        "start": { "line": 264, "column": 0 },
        "end": { "line": 264, "column": 14 }
      },
      "265": {
        "start": { "line": 266, "column": 0 },
        "end": { "line": 266, "column": 47 }
      },
      "266": {
        "start": { "line": 267, "column": 0 },
        "end": { "line": 267, "column": 51 }
      },
      "267": {
        "start": { "line": 268, "column": 0 },
        "end": { "line": 268, "column": 13 }
      },
      "268": {
        "start": { "line": 269, "column": 0 },
        "end": { "line": 269, "column": 11 }
      },
      "269": {
        "start": { "line": 270, "column": 0 },
        "end": { "line": 270, "column": 9 }
      },
      "270": {
        "start": { "line": 271, "column": 0 },
        "end": { "line": 271, "column": 9 }
      },
      "271": {
        "start": { "line": 272, "column": 0 },
        "end": { "line": 272, "column": 5 }
      },
      "273": {
        "start": { "line": 274, "column": 0 },
        "end": { "line": 274, "column": 46 }
      },
      "274": {
        "start": { "line": 275, "column": 0 },
        "end": { "line": 275, "column": 25 }
      },
      "275": {
        "start": { "line": 276, "column": 0 },
        "end": { "line": 276, "column": 5 }
      },
      "276": {
        "start": { "line": 277, "column": 0 },
        "end": { "line": 277, "column": 3 }
      },
      "278": {
        "start": { "line": 279, "column": 0 },
        "end": { "line": 279, "column": 74 }
      },
      "279": {
        "start": { "line": 280, "column": 0 },
        "end": { "line": 280, "column": 1 }
      },
      "281": {
        "start": { "line": 282, "column": 0 },
        "end": { "line": 282, "column": 64 }
      },
      "282": {
        "start": { "line": 283, "column": 0 },
        "end": { "line": 283, "column": 42 }
      },
      "283": {
        "start": { "line": 284, "column": 0 },
        "end": { "line": 284, "column": 17 }
      },
      "284": {
        "start": { "line": 285, "column": 0 },
        "end": { "line": 285, "column": 3 }
      },
      "286": {
        "start": { "line": 287, "column": 0 },
        "end": { "line": 287, "column": 65 }
      },
      "287": {
        "start": { "line": 288, "column": 0 },
        "end": { "line": 288, "column": 31 }
      },
      "288": {
        "start": { "line": 289, "column": 0 },
        "end": { "line": 289, "column": 17 }
      },
      "289": {
        "start": { "line": 290, "column": 0 },
        "end": { "line": 290, "column": 3 }
      },
      "291": {
        "start": { "line": 292, "column": 0 },
        "end": { "line": 292, "column": 64 }
      },
      "293": {
        "start": { "line": 294, "column": 0 },
        "end": { "line": 294, "column": 30 }
      },
      "294": {
        "start": { "line": 295, "column": 0 },
        "end": { "line": 295, "column": 17 }
      },
      "295": {
        "start": { "line": 296, "column": 0 },
        "end": { "line": 296, "column": 3 }
      },
      "297": {
        "start": { "line": 298, "column": 0 },
        "end": { "line": 298, "column": 25 }
      },
      "298": {
        "start": { "line": 299, "column": 0 },
        "end": { "line": 299, "column": 57 }
      },
      "300": {
        "start": { "line": 301, "column": 0 },
        "end": { "line": 301, "column": 46 }
      },
      "301": {
        "start": { "line": 302, "column": 0 },
        "end": { "line": 302, "column": 19 }
      },
      "302": {
        "start": { "line": 303, "column": 0 },
        "end": { "line": 303, "column": 5 }
      },
      "303": {
        "start": { "line": 304, "column": 0 },
        "end": { "line": 304, "column": 51 }
      },
      "304": {
        "start": { "line": 305, "column": 0 },
        "end": { "line": 305, "column": 19 }
      },
      "305": {
        "start": { "line": 306, "column": 0 },
        "end": { "line": 306, "column": 5 }
      },
      "306": {
        "start": { "line": 307, "column": 0 },
        "end": { "line": 307, "column": 3 }
      },
      "308": {
        "start": { "line": 309, "column": 0 },
        "end": { "line": 309, "column": 14 }
      },
      "309": {
        "start": { "line": 310, "column": 0 },
        "end": { "line": 310, "column": 1 }
      },
      "311": {
        "start": { "line": 312, "column": 0 },
        "end": { "line": 312, "column": 64 }
      },
      "312": {
        "start": { "line": 313, "column": 0 },
        "end": { "line": 313, "column": 41 }
      },
      "313": {
        "start": { "line": 314, "column": 0 },
        "end": { "line": 314, "column": 37 }
      },
      "315": {
        "start": { "line": 316, "column": 0 },
        "end": { "line": 316, "column": 46 }
      },
      "316": {
        "start": { "line": 317, "column": 0 },
        "end": { "line": 317, "column": 50 }
      },
      "317": {
        "start": { "line": 318, "column": 0 },
        "end": { "line": 318, "column": 5 }
      },
      "319": {
        "start": { "line": 320, "column": 0 },
        "end": { "line": 320, "column": 59 }
      },
      "321": {
        "start": { "line": 322, "column": 0 },
        "end": { "line": 322, "column": 10 }
      },
      "322": {
        "start": { "line": 323, "column": 0 },
        "end": { "line": 323, "column": 18 }
      },
      "323": {
        "start": { "line": 324, "column": 0 },
        "end": { "line": 324, "column": 15 }
      },
      "324": {
        "start": { "line": 325, "column": 0 },
        "end": { "line": 325, "column": 39 }
      },
      "325": {
        "start": { "line": 326, "column": 0 },
        "end": { "line": 326, "column": 18 }
      },
      "326": {
        "start": { "line": 327, "column": 0 },
        "end": { "line": 327, "column": 27 }
      },
      "327": {
        "start": { "line": 328, "column": 0 },
        "end": { "line": 328, "column": 42 }
      },
      "328": {
        "start": { "line": 329, "column": 0 },
        "end": { "line": 329, "column": 8 }
      },
      "329": {
        "start": { "line": 330, "column": 0 },
        "end": { "line": 330, "column": 44 }
      },
      "330": {
        "start": { "line": 331, "column": 0 },
        "end": { "line": 331, "column": 43 }
      },
      "331": {
        "start": { "line": 332, "column": 0 },
        "end": { "line": 332, "column": 6 }
      },
      "332": {
        "start": { "line": 333, "column": 0 },
        "end": { "line": 333, "column": 4 }
      },
      "333": {
        "start": { "line": 334, "column": 0 },
        "end": { "line": 334, "column": 1 }
      }
    },
    "s": {
      "0": 1,
      "1": 1,
      "2": 1,
      "3": 1,
      "12": 1,
      "13": 1,
      "15": 23,
      "16": 23,
      "17": 23,
      "18": 23,
      "19": 23,
      "20": 13,
      "21": 13,
      "23": 10,
      "24": 10,
      "25": 10,
      "26": 10,
      "27": 10,
      "28": 10,
      "30": 2,
      "31": 2,
      "32": 2,
      "33": 2,
      "34": 23,
      "35": 0,
      "36": 0,
      "37": 23,
      "38": 0,
      "39": 0,
      "40": 0,
      "41": 0,
      "42": 0,
      "43": 0,
      "44": 0,
      "46": 2,
      "47": 2,
      "48": 2,
      "49": 23,
      "50": 8,
      "52": 8,
      "53": 8,
      "55": 0,
      "56": 0,
      "58": 0,
      "59": 0,
      "60": 0,
      "61": 0,
      "62": 0,
      "63": 0,
      "64": 0,
      "65": 0,
      "66": 0,
      "67": 0,
      "68": 0,
      "69": 0,
      "70": 0,
      "71": 0,
      "72": 0,
      "73": 0,
      "74": 0,
      "75": 0,
      "77": 0,
      "78": 0,
      "79": 0,
      "80": 0,
      "81": 8,
      "82": 0,
      "83": 0,
      "85": 0,
      "86": 0,
      "88": 0,
      "89": 0,
      "91": 0,
      "92": 0,
      "93": 0,
      "94": 0,
      "95": 0,
      "96": 0,
      "97": 8,
      "98": 0,
      "99": 0,
      "101": 0,
      "102": 0,
      "103": 23,
      "105": 1,
      "106": 1,
      "107": 1,
      "108": 1,
      "109": 1,
      "110": 1,
      "112": 1,
      "113": 1,
      "114": 1,
      "116": 2,
      "117": 2,
      "118": 2,
      "119": 2,
      "120": 2,
      "121": 2,
      "122": 2,
      "124": 3,
      "125": 3,
      "126": 3,
      "127": 3,
      "129": 3,
      "130": 3,
      "131": 9,
      "132": 9,
      "133": 9,
      "135": 9,
      "136": 9,
      "137": 9,
      "138": 9,
      "140": 9,
      "141": 9,
      "142": 9,
      "143": 9,
      "144": 9,
      "145": 9,
      "146": 9,
      "147": 9,
      "148": 9,
      "149": 9,
      "150": 9,
      "151": 3,
      "153": 3,
      "154": 3,
      "156": 2,
      "157": 2,
      "158": 2,
      "159": 2,
      "160": 2,
      "161": 2,
      "162": 2,
      "164": 3,
      "165": 3,
      "166": 3,
      "167": 3,
      "168": 3,
      "169": 3,
      "170": 3,
      "171": 9,
      "172": 3,
      "173": 3,
      "175": 2,
      "176": 2,
      "177": 2,
      "178": 2,
      "179": 2,
      "180": 2,
      "181": 2,
      "183": 2,
      "184": 6,
      "185": 6,
      "186": 6,
      "187": 6,
      "188": 2,
      "190": 2,
      "191": 2,
      "193": 1,
      "194": 1,
      "195": 1,
      "196": 1,
      "197": 1,
      "199": 1,
      "200": 3,
      "201": 6,
      "202": 6,
      "203": 6,
      "204": 3,
      "205": 1,
      "207": 1,
      "208": 1,
      "209": 1,
      "210": 1,
      "212": 0,
      "213": 0,
      "214": 0,
      "215": 0,
      "217": 0,
      "218": 0,
      "220": 0,
      "222": 0,
      "224": 0,
      "225": 0,
      "226": 0,
      "228": 0,
      "229": 0,
      "231": 0,
      "232": 0,
      "234": 0,
      "235": 0,
      "236": 0,
      "237": 0,
      "238": 0,
      "239": 0,
      "240": 0,
      "241": 0,
      "242": 0,
      "243": 0,
      "244": 0,
      "245": 0,
      "246": 0,
      "247": 0,
      "248": 0,
      "249": 0,
      "250": 0,
      "251": 0,
      "252": 0,
      "253": 0,
      "254": 0,
      "255": 0,
      "256": 0,
      "257": 0,
      "258": 0,
      "259": 0,
      "260": 0,
      "261": 0,
      "262": 0,
      "263": 0,
      "265": 0,
      "266": 0,
      "267": 0,
      "268": 0,
      "269": 0,
      "270": 0,
      "271": 0,
      "273": 0,
      "274": 0,
      "275": 0,
      "276": 0,
      "278": 0,
      "279": 0,
      "281": 2,
      "282": 2,
      "283": 0,
      "284": 0,
      "286": 2,
      "287": 2,
      "288": 0,
      "289": 0,
      "291": 2,
      "293": 2,
      "294": 0,
      "295": 0,
      "297": 2,
      "298": 2,
      "300": 2,
      "301": 0,
      "302": 0,
      "303": 2,
      "304": 0,
      "305": 0,
      "306": 2,
      "308": 2,
      "309": 2,
      "311": 2,
      "312": 2,
      "313": 2,
      "315": 2,
      "316": 6,
      "317": 2,
      "319": 2,
      "321": 2,
      "322": 2,
      "323": 2,
      "324": 2,
      "325": 2,
      "326": 2,
      "327": 2,
      "328": 2,
      "329": 2,
      "330": 2,
      "331": 2,
      "332": 2,
      "333": 2
    },
    "branchMap": {
      "0": {
        "type": "branch",
        "line": 2,
        "loc": {
          "start": { "line": 2, "column": 41 },
          "end": { "line": 2, "column": 80 }
        },
        "locations": [
          {
            "start": { "line": 2, "column": 41 },
            "end": { "line": 2, "column": 80 }
          }
        ]
      },
      "1": {
        "type": "branch",
        "line": 16,
        "loc": {
          "start": { "line": 16, "column": 0 },
          "end": { "line": 104, "column": 1 }
        },
        "locations": [
          {
            "start": { "line": 16, "column": 0 },
            "end": { "line": 104, "column": 1 }
          }
        ]
      },
      "2": {
        "type": "branch",
        "line": 20,
        "loc": {
          "start": { "line": 20, "column": 14 },
          "end": { "line": 22, "column": 3 }
        },
        "locations": [
          {
            "start": { "line": 20, "column": 14 },
            "end": { "line": 22, "column": 3 }
          }
        ]
      },
      "3": {
        "type": "branch",
        "line": 22,
        "loc": {
          "start": { "line": 22, "column": 2 },
          "end": { "line": 35, "column": 13 }
        },
        "locations": [
          {
            "start": { "line": 22, "column": 2 },
            "end": { "line": 35, "column": 13 }
          }
        ]
      },
      "4": {
        "type": "branch",
        "line": 29,
        "loc": {
          "start": { "line": 29, "column": 5 },
          "end": { "line": 35, "column": 13 }
        },
        "locations": [
          {
            "start": { "line": 29, "column": 5 },
            "end": { "line": 35, "column": 13 }
          }
        ]
      },
      "5": {
        "type": "branch",
        "line": 35,
        "loc": {
          "start": { "line": 35, "column": 6 },
          "end": { "line": 37, "column": 7 }
        },
        "locations": [
          {
            "start": { "line": 35, "column": 6 },
            "end": { "line": 37, "column": 7 }
          }
        ]
      },
      "6": {
        "type": "branch",
        "line": 38,
        "loc": {
          "start": { "line": 38, "column": 4 },
          "end": { "line": 50, "column": 11 }
        },
        "locations": [
          {
            "start": { "line": 38, "column": 4 },
            "end": { "line": 50, "column": 11 }
          }
        ]
      },
      "7": {
        "type": "branch",
        "line": 38,
        "loc": {
          "start": { "line": 38, "column": 4 },
          "end": { "line": 45, "column": 5 }
        },
        "locations": [
          {
            "start": { "line": 38, "column": 4 },
            "end": { "line": 45, "column": 5 }
          }
        ]
      },
      "8": {
        "type": "branch",
        "line": 45,
        "loc": {
          "start": { "line": 45, "column": 4 },
          "end": { "line": 50, "column": 11 }
        },
        "locations": [
          {
            "start": { "line": 45, "column": 4 },
            "end": { "line": 50, "column": 11 }
          }
        ]
      },
      "9": {
        "type": "branch",
        "line": 50,
        "loc": {
          "start": { "line": 50, "column": 2 },
          "end": { "line": 103, "column": 3 }
        },
        "locations": [
          {
            "start": { "line": 50, "column": 2 },
            "end": { "line": 103, "column": 3 }
          }
        ]
      },
      "10": {
        "type": "branch",
        "line": 54,
        "loc": {
          "start": { "line": 54, "column": 59 },
          "end": { "line": 81, "column": 7 }
        },
        "locations": [
          {
            "start": { "line": 54, "column": 59 },
            "end": { "line": 81, "column": 7 }
          }
        ]
      },
      "11": {
        "type": "branch",
        "line": 82,
        "loc": {
          "start": { "line": 82, "column": 4 },
          "end": { "line": 97, "column": 7 }
        },
        "locations": [
          {
            "start": { "line": 82, "column": 4 },
            "end": { "line": 97, "column": 7 }
          }
        ]
      },
      "12": {
        "type": "branch",
        "line": 98,
        "loc": {
          "start": { "line": 98, "column": 4 },
          "end": { "line": 103, "column": 3 }
        },
        "locations": [
          {
            "start": { "line": 98, "column": 4 },
            "end": { "line": 103, "column": 3 }
          }
        ]
      },
      "13": {
        "type": "branch",
        "line": 106,
        "loc": {
          "start": { "line": 106, "column": 0 },
          "end": { "line": 111, "column": 1 }
        },
        "locations": [
          {
            "start": { "line": 106, "column": 0 },
            "end": { "line": 111, "column": 1 }
          }
        ]
      },
      "14": {
        "type": "branch",
        "line": 113,
        "loc": {
          "start": { "line": 113, "column": 0 },
          "end": { "line": 115, "column": 1 }
        },
        "locations": [
          {
            "start": { "line": 113, "column": 0 },
            "end": { "line": 115, "column": 1 }
          }
        ]
      },
      "15": {
        "type": "branch",
        "line": 117,
        "loc": {
          "start": { "line": 117, "column": 0 },
          "end": { "line": 123, "column": 1 }
        },
        "locations": [
          {
            "start": { "line": 117, "column": 0 },
            "end": { "line": 123, "column": 1 }
          }
        ]
      },
      "16": {
        "type": "branch",
        "line": 122,
        "loc": {
          "start": { "line": 122, "column": 33 },
          "end": { "line": 122, "column": 43 }
        },
        "locations": [
          {
            "start": { "line": 122, "column": 33 },
            "end": { "line": 122, "column": 43 }
          }
        ]
      },
      "17": {
        "type": "branch",
        "line": 125,
        "loc": {
          "start": { "line": 125, "column": 0 },
          "end": { "line": 155, "column": 1 }
        },
        "locations": [
          {
            "start": { "line": 125, "column": 0 },
            "end": { "line": 155, "column": 1 }
          }
        ]
      },
      "18": {
        "type": "branch",
        "line": 131,
        "loc": {
          "start": { "line": 131, "column": 39 },
          "end": { "line": 152, "column": 3 }
        },
        "locations": [
          {
            "start": { "line": 131, "column": 39 },
            "end": { "line": 152, "column": 3 }
          }
        ]
      },
      "19": {
        "type": "branch",
        "line": 133,
        "loc": {
          "start": { "line": 133, "column": 11 },
          "end": { "line": 133, "column": 31 }
        },
        "locations": [
          {
            "start": { "line": 133, "column": 11 },
            "end": { "line": 133, "column": 31 }
          }
        ]
      },
      "20": {
        "type": "branch",
        "line": 134,
        "loc": {
          "start": { "line": 134, "column": 14 },
          "end": { "line": 134, "column": 55 }
        },
        "locations": [
          {
            "start": { "line": 134, "column": 14 },
            "end": { "line": 134, "column": 55 }
          }
        ]
      },
      "21": {
        "type": "branch",
        "line": 137,
        "loc": {
          "start": { "line": 137, "column": 46 },
          "end": { "line": 137, "column": 63 }
        },
        "locations": [
          {
            "start": { "line": 137, "column": 46 },
            "end": { "line": 137, "column": 63 }
          }
        ]
      },
      "22": {
        "type": "branch",
        "line": 139,
        "loc": {
          "start": { "line": 139, "column": 35 },
          "end": { "line": 139, "column": 50 }
        },
        "locations": [
          {
            "start": { "line": 139, "column": 35 },
            "end": { "line": 139, "column": 50 }
          }
        ]
      },
      "23": {
        "type": "branch",
        "line": 139,
        "loc": {
          "start": { "line": 139, "column": 57 },
          "end": { "line": 139, "column": 72 }
        },
        "locations": [
          {
            "start": { "line": 139, "column": 57 },
            "end": { "line": 139, "column": 72 }
          }
        ]
      },
      "24": {
        "type": "branch",
        "line": 154,
        "loc": {
          "start": { "line": 154, "column": 24 },
          "end": { "line": 154, "column": 69 }
        },
        "locations": [
          {
            "start": { "line": 154, "column": 24 },
            "end": { "line": 154, "column": 69 }
          }
        ]
      },
      "25": {
        "type": "branch",
        "line": 157,
        "loc": {
          "start": { "line": 157, "column": 0 },
          "end": { "line": 163, "column": 1 }
        },
        "locations": [
          {
            "start": { "line": 157, "column": 0 },
            "end": { "line": 163, "column": 1 }
          }
        ]
      },
      "26": {
        "type": "branch",
        "line": 165,
        "loc": {
          "start": { "line": 165, "column": 0 },
          "end": { "line": 174, "column": 1 }
        },
        "locations": [
          {
            "start": { "line": 165, "column": 0 },
            "end": { "line": 174, "column": 1 }
          }
        ]
      },
      "27": {
        "type": "branch",
        "line": 171,
        "loc": {
          "start": { "line": 171, "column": 42 },
          "end": { "line": 172, "column": 35 }
        },
        "locations": [
          {
            "start": { "line": 171, "column": 42 },
            "end": { "line": 172, "column": 35 }
          }
        ]
      },
      "28": {
        "type": "branch",
        "line": 176,
        "loc": {
          "start": { "line": 176, "column": 0 },
          "end": { "line": 192, "column": 1 }
        },
        "locations": [
          {
            "start": { "line": 176, "column": 0 },
            "end": { "line": 192, "column": 1 }
          }
        ]
      },
      "29": {
        "type": "branch",
        "line": 184,
        "loc": {
          "start": { "line": 184, "column": 39 },
          "end": { "line": 189, "column": 3 }
        },
        "locations": [
          {
            "start": { "line": 184, "column": 39 },
            "end": { "line": 189, "column": 3 }
          }
        ]
      },
      "30": {
        "type": "branch",
        "line": 186,
        "loc": {
          "start": { "line": 186, "column": 6 },
          "end": { "line": 186, "column": 56 }
        },
        "locations": [
          {
            "start": { "line": 186, "column": 6 },
            "end": { "line": 186, "column": 56 }
          }
        ]
      },
      "31": {
        "type": "branch",
        "line": 186,
        "loc": {
          "start": { "line": 186, "column": 25 },
          "end": { "line": 186, "column": 56 }
        },
        "locations": [
          {
            "start": { "line": 186, "column": 25 },
            "end": { "line": 186, "column": 56 }
          }
        ]
      },
      "32": {
        "type": "branch",
        "line": 194,
        "loc": {
          "start": { "line": 194, "column": 0 },
          "end": { "line": 211, "column": 1 }
        },
        "locations": [
          {
            "start": { "line": 194, "column": 0 },
            "end": { "line": 211, "column": 1 }
          }
        ]
      },
      "33": {
        "type": "branch",
        "line": 200,
        "loc": {
          "start": { "line": 200, "column": 38 },
          "end": { "line": 206, "column": 3 }
        },
        "locations": [
          {
            "start": { "line": 200, "column": 38 },
            "end": { "line": 206, "column": 3 }
          }
        ]
      },
      "34": {
        "type": "branch",
        "line": 201,
        "loc": {
          "start": { "line": 201, "column": 19 },
          "end": { "line": 205, "column": 5 }
        },
        "locations": [
          {
            "start": { "line": 201, "column": 19 },
            "end": { "line": 205, "column": 5 }
          }
        ]
      },
      "35": {
        "type": "branch",
        "line": 203,
        "loc": {
          "start": { "line": 203, "column": 49 },
          "end": { "line": 203, "column": 59 }
        },
        "locations": [
          {
            "start": { "line": 203, "column": 49 },
            "end": { "line": 203, "column": 59 }
          }
        ]
      },
      "36": {
        "type": "branch",
        "line": 209,
        "loc": {
          "start": { "line": 209, "column": 9 },
          "end": { "line": 209, "column": 63 }
        },
        "locations": [
          {
            "start": { "line": 209, "column": 9 },
            "end": { "line": 209, "column": 63 }
          }
        ]
      },
      "37": {
        "type": "branch",
        "line": 210,
        "loc": {
          "start": { "line": 210, "column": 10 },
          "end": { "line": 210, "column": 35 }
        },
        "locations": [
          {
            "start": { "line": 210, "column": 10 },
            "end": { "line": 210, "column": 35 }
          }
        ]
      },
      "38": {
        "type": "branch",
        "line": 282,
        "loc": {
          "start": { "line": 282, "column": 0 },
          "end": { "line": 310, "column": 1 }
        },
        "locations": [
          {
            "start": { "line": 282, "column": 0 },
            "end": { "line": 310, "column": 1 }
          }
        ]
      },
      "39": {
        "type": "branch",
        "line": 283,
        "loc": {
          "start": { "line": 283, "column": 41 },
          "end": { "line": 285, "column": 3 }
        },
        "locations": [
          {
            "start": { "line": 283, "column": 41 },
            "end": { "line": 285, "column": 3 }
          }
        ]
      },
      "40": {
        "type": "branch",
        "line": 288,
        "loc": {
          "start": { "line": 288, "column": 30 },
          "end": { "line": 290, "column": 3 }
        },
        "locations": [
          {
            "start": { "line": 288, "column": 30 },
            "end": { "line": 290, "column": 3 }
          }
        ]
      },
      "41": {
        "type": "branch",
        "line": 294,
        "loc": {
          "start": { "line": 294, "column": 29 },
          "end": { "line": 296, "column": 3 }
        },
        "locations": [
          {
            "start": { "line": 294, "column": 29 },
            "end": { "line": 296, "column": 3 }
          }
        ]
      },
      "42": {
        "type": "branch",
        "line": 301,
        "loc": {
          "start": { "line": 301, "column": 45 },
          "end": { "line": 303, "column": 5 }
        },
        "locations": [
          {
            "start": { "line": 301, "column": 45 },
            "end": { "line": 303, "column": 5 }
          }
        ]
      },
      "43": {
        "type": "branch",
        "line": 304,
        "loc": {
          "start": { "line": 304, "column": 50 },
          "end": { "line": 306, "column": 5 }
        },
        "locations": [
          {
            "start": { "line": 304, "column": 50 },
            "end": { "line": 306, "column": 5 }
          }
        ]
      },
      "44": {
        "type": "branch",
        "line": 312,
        "loc": {
          "start": { "line": 312, "column": 0 },
          "end": { "line": 334, "column": 1 }
        },
        "locations": [
          {
            "start": { "line": 312, "column": 0 },
            "end": { "line": 334, "column": 1 }
          }
        ]
      },
      "45": {
        "type": "branch",
        "line": 327,
        "loc": {
          "start": { "line": 327, "column": 20 },
          "end": { "line": 327, "column": 27 }
        },
        "locations": [
          {
            "start": { "line": 327, "column": 20 },
            "end": { "line": 327, "column": 27 }
          }
        ]
      },
      "46": {
        "type": "branch",
        "line": 328,
        "loc": {
          "start": { "line": 328, "column": 35 },
          "end": { "line": 328, "column": 42 }
        },
        "locations": [
          {
            "start": { "line": 328, "column": 35 },
            "end": { "line": 328, "column": 42 }
          }
        ]
      },
      "47": {
        "type": "branch",
        "line": 316,
        "loc": {
          "start": { "line": 316, "column": 33 },
          "end": { "line": 318, "column": 3 }
        },
        "locations": [
          {
            "start": { "line": 316, "column": 33 },
            "end": { "line": 318, "column": 3 }
          }
        ]
      },
      "48": {
        "type": "branch",
        "line": 317,
        "loc": {
          "start": { "line": 317, "column": 19 },
          "end": { "line": 317, "column": 48 }
        },
        "locations": [
          {
            "start": { "line": 317, "column": 19 },
            "end": { "line": 317, "column": 48 }
          }
        ]
      },
      "49": {
        "type": "branch",
        "line": 320,
        "loc": {
          "start": { "line": 320, "column": 42 },
          "end": { "line": 320, "column": 57 }
        },
        "locations": [
          {
            "start": { "line": 320, "column": 42 },
            "end": { "line": 320, "column": 57 }
          }
        ]
      }
    },
    "b": {
      "0": [0],
      "1": [23],
      "2": [13],
      "3": [10],
      "4": [2],
      "5": [0],
      "6": [15],
      "7": [0],
      "8": [2],
      "9": [8],
      "10": [0],
      "11": [0],
      "12": [0],
      "13": [1],
      "14": [1],
      "15": [2],
      "16": [1],
      "17": [3],
      "18": [9],
      "19": [18],
      "20": [18],
      "21": [18],
      "22": [18],
      "23": [9],
      "24": [12],
      "25": [2],
      "26": [3],
      "27": [9],
      "28": [2],
      "29": [6],
      "30": [12],
      "31": [9],
      "32": [1],
      "33": [3],
      "34": [6],
      "35": [2],
      "36": [2],
      "37": [1],
      "38": [2],
      "39": [0],
      "40": [0],
      "41": [0],
      "42": [0],
      "43": [0],
      "44": [2],
      "45": [0],
      "46": [0],
      "47": [6],
      "48": [12],
      "49": [2]
    },
    "fnMap": {
      "0": {
        "name": "apiFetchCO2Data",
        "decl": {
          "start": { "line": 16, "column": 0 },
          "end": { "line": 104, "column": 1 }
        },
        "loc": {
          "start": { "line": 16, "column": 0 },
          "end": { "line": 104, "column": 1 }
        },
        "line": 16
      },
      "1": {
        "name": "apiRefetchCO2Data",
        "decl": {
          "start": { "line": 106, "column": 0 },
          "end": { "line": 111, "column": 1 }
        },
        "loc": {
          "start": { "line": 106, "column": 0 },
          "end": { "line": 111, "column": 1 }
        },
        "line": 106
      },
      "2": {
        "name": "clearCache",
        "decl": {
          "start": { "line": 113, "column": 0 },
          "end": { "line": 115, "column": 1 }
        },
        "loc": {
          "start": { "line": 113, "column": 0 },
          "end": { "line": 115, "column": 1 }
        },
        "line": 113
      },
      "3": {
        "name": "apiGetCountryData",
        "decl": {
          "start": { "line": 117, "column": 0 },
          "end": { "line": 123, "column": 1 }
        },
        "loc": {
          "start": { "line": 117, "column": 0 },
          "end": { "line": 123, "column": 1 }
        },
        "line": 117
      },
      "4": {
        "name": "apiGetCountriesSummary",
        "decl": {
          "start": { "line": 125, "column": 0 },
          "end": { "line": 155, "column": 1 }
        },
        "loc": {
          "start": { "line": 125, "column": 0 },
          "end": { "line": 155, "column": 1 }
        },
        "line": 125
      },
      "5": {
        "name": "apiGetTopEmitters",
        "decl": {
          "start": { "line": 157, "column": 0 },
          "end": { "line": 163, "column": 1 }
        },
        "loc": {
          "start": { "line": 157, "column": 0 },
          "end": { "line": 163, "column": 1 }
        },
        "line": 157
      },
      "6": {
        "name": "apiSearchCountries",
        "decl": {
          "start": { "line": 165, "column": 0 },
          "end": { "line": 174, "column": 1 }
        },
        "loc": {
          "start": { "line": 165, "column": 0 },
          "end": { "line": 174, "column": 1 }
        },
        "line": 165
      },
      "7": {
        "name": "apiGetEmissionsByYearRange",
        "decl": {
          "start": { "line": 176, "column": 0 },
          "end": { "line": 192, "column": 1 }
        },
        "loc": {
          "start": { "line": 176, "column": 0 },
          "end": { "line": 192, "column": 1 }
        },
        "line": 176
      },
      "8": {
        "name": "apiGetGlobalEmissionsTrend",
        "decl": {
          "start": { "line": 194, "column": 0 },
          "end": { "line": 211, "column": 1 }
        },
        "loc": {
          "start": { "line": 194, "column": 0 },
          "end": { "line": 211, "column": 1 }
        },
        "line": 194
      },
      "9": {
        "name": "transformExternalData",
        "decl": {
          "start": { "line": 213, "column": 0 },
          "end": { "line": 280, "column": 1 }
        },
        "loc": {
          "start": { "line": 213, "column": 0 },
          "end": { "line": 280, "column": 1 }
        },
        "line": 213
      },
      "10": {
        "name": "isValidCO2Data",
        "decl": {
          "start": { "line": 282, "column": 0 },
          "end": { "line": 310, "column": 1 }
        },
        "loc": {
          "start": { "line": 282, "column": 0 },
          "end": { "line": 310, "column": 1 }
        },
        "line": 282
      },
[...]
      "43": 1,
      "44": 1,
      "45": 1,
      "46": 1,
      "47": 1,
      "48": 1,
      "49": 1,
      "50": 1,
      "51": 1,
      "52": 1,
      "53": 1,
      "54": 1,
      "55": 1,
      "56": 1,
      "57": 1,
      "58": 1,
      "59": 1,
      "60": 1,
      "61": 1,
      "62": 1,
      "63": 1,
      "64": 1,
      "65": 1,
      "66": 1,
      "67": 1,
      "68": 1,
      "69": 1,
      "70": 1,
      "71": 1,
      "72": 1,
      "73": 1,
      "74": 1,
      "75": 1,
      "76": 1,
      "77": 1,
      "78": 1,
      "79": 1,
      "80": 1,
      "81": 1,
      "82": 1,
      "83": 1,
      "84": 1,
      "85": 1,
      "86": 1,
      "87": 1,
      "88": 1,
      "89": 1,
      "90": 1,
      "91": 1,
      "92": 1,
      "93": 1,
      "94": 1,
      "95": 1,
      "96": 1,
      "97": 1,
      "98": 1,
      "99": 1,
      "100": 1,
      "101": 1,
      "102": 1,
      "103": 1
    },
    "branchMap": {
      "0": {
        "type": "branch",
        "line": 4,
        "loc": {
          "start": { "line": 4, "column": 0 },
          "end": { "line": 35, "column": 1 }
        },
        "locations": [
          {
            "start": { "line": 4, "column": 0 },
            "end": { "line": 35, "column": 1 }
          }
        ]
      },
      "1": {
        "type": "branch",
        "line": 10,
        "loc": {
          "start": { "line": 10, "column": 4 },
          "end": { "line": 11, "column": 34 }
        },
        "locations": [
          {
            "start": { "line": 10, "column": 4 },
            "end": { "line": 11, "column": 34 }
          }
        ]
      },
      "2": {
        "type": "branch",
        "line": 11,
        "loc": {
          "start": { "line": 11, "column": 13 },
          "end": { "line": 11, "column": 34 }
        },
        "locations": [
          {
            "start": { "line": 11, "column": 13 },
            "end": { "line": 11, "column": 34 }
          }
        ]
      },
      "3": {
        "type": "branch",
        "line": 12,
        "loc": {
          "start": { "line": 12, "column": 4 },
          "end": { "line": 13, "column": 39 }
        },
        "locations": [
          {
            "start": { "line": 12, "column": 4 },
            "end": { "line": 13, "column": 39 }
          }
        ]
      },
      "4": {
        "type": "branch",
        "line": 14,
        "loc": {
          "start": { "line": 14, "column": 4 },
          "end": { "line": 15, "column": 40 }
        },
        "locations": [
          {
            "start": { "line": 14, "column": 4 },
            "end": { "line": 15, "column": 40 }
          }
        ]
      },
      "5": {
        "type": "branch",
        "line": 15,
        "loc": {
          "start": { "line": 15, "column": 23 },
          "end": { "line": 15, "column": 40 }
        },
        "locations": [
          {
            "start": { "line": 15, "column": 23 },
            "end": { "line": 15, "column": 40 }
          }
        ]
      },
      "6": {
        "type": "branch",
        "line": 16,
        "loc": {
          "start": { "line": 16, "column": 4 },
          "end": { "line": 17, "column": 61 }
        },
        "locations": [
          {
            "start": { "line": 16, "column": 4 },
            "end": { "line": 17, "column": 61 }
          }
        ]
      },
      "7": {
        "type": "branch",
        "line": 17,
        "loc": {
          "start": { "line": 17, "column": 23 },
          "end": { "line": 17, "column": 50 }
        },
        "locations": [
          {
            "start": { "line": 17, "column": 23 },
            "end": { "line": 17, "column": 50 }
          }
        ]
      },
      "8": {
        "type": "branch",
        "line": 17,
        "loc": {
          "start": { "line": 17, "column": 50 },
          "end": { "line": 17, "column": 61 }
        },
        "locations": [
          {
            "start": { "line": 17, "column": 50 },
            "end": { "line": 17, "column": 61 }
          }
        ]
      },
      "9": {
        "type": "branch",
        "line": 18,
        "loc": {
          "start": { "line": 18, "column": 4 },
          "end": { "line": 19, "column": 60 }
        },
        "locations": [
          {
            "start": { "line": 18, "column": 4 },
            "end": { "line": 19, "column": 60 }
          }
        ]
      },
      "10": {
        "type": "branch",
        "line": 19,
        "loc": {
          "start": { "line": 19, "column": 23 },
          "end": { "line": 19, "column": 49 }
        },
        "locations": [
          {
            "start": { "line": 19, "column": 23 },
            "end": { "line": 19, "column": 49 }
          }
        ]
      },
      "11": {
        "type": "branch",
        "line": 19,
        "loc": {
          "start": { "line": 19, "column": 49 },
          "end": { "line": 19, "column": 60 }
        },
        "locations": [
          {
            "start": { "line": 19, "column": 49 },
            "end": { "line": 19, "column": 60 }
          }
        ]
      },
      "12": {
        "type": "branch",
        "line": 20,
        "loc": {
          "start": { "line": 20, "column": 4 },
          "end": { "line": 21, "column": 58 }
        },
        "locations": [
          {
            "start": { "line": 20, "column": 4 },
            "end": { "line": 21, "column": 58 }
          }
        ]
      },
      "13": {
        "type": "branch",
        "line": 21,
        "loc": {
          "start": { "line": 21, "column": 47 },
          "end": { "line": 21, "column": 58 }
        },
        "locations": [
          {
            "start": { "line": 21, "column": 47 },
            "end": { "line": 21, "column": 58 }
          }
        ]
      },
      "14": {
        "type": "branch",
        "line": 22,
        "loc": {
          "start": { "line": 22, "column": 4 },
          "end": { "line": 23, "column": 52 }
        },
        "locations": [
          {
            "start": { "line": 22, "column": 4 },
            "end": { "line": 23, "column": 52 }
          }
        ]
      },
      "15": {
        "type": "branch",
        "line": 23,
        "loc": {
          "start": { "line": 23, "column": 41 },
          "end": { "line": 23, "column": 52 }
        },
        "locations": [
          {
            "start": { "line": 23, "column": 41 },
            "end": { "line": 23, "column": 52 }
          }
        ]
      },
      "16": {
        "type": "branch",
        "line": 24,
        "loc": {
          "start": { "line": 24, "column": 4 },
          "end": { "line": 25, "column": 72 }
        },
        "locations": [
          {
            "start": { "line": 24, "column": 4 },
            "end": { "line": 25, "column": 72 }
          }
        ]
      },
      "17": {
        "type": "branch",
        "line": 25,
        "loc": {
          "start": { "line": 25, "column": 61 },
          "end": { "line": 25, "column": 72 }
        },
        "locations": [
          {
            "start": { "line": 25, "column": 61 },
            "end": { "line": 25, "column": 72 }
          }
        ]
      },
      "18": {
        "type": "branch",
        "line": 26,
        "loc": {
          "start": { "line": 26, "column": 4 },
          "end": { "line": 27, "column": 55 }
        },
        "locations": [
          {
            "start": { "line": 26, "column": 4 },
            "end": { "line": 27, "column": 55 }
          }
        ]
      },
      "19": {
        "type": "branch",
        "line": 27,
        "loc": {
          "start": { "line": 27, "column": 44 },
          "end": { "line": 27, "column": 55 }
        },
        "locations": [
          {
            "start": { "line": 27, "column": 44 },
            "end": { "line": 27, "column": 55 }
          }
        ]
      },
      "20": {
        "type": "branch",
        "line": 28,
        "loc": {
          "start": { "line": 28, "column": 4 },
          "end": { "line": 29, "column": 54 }
        },
        "locations": [
          {
            "start": { "line": 28, "column": 4 },
            "end": { "line": 29, "column": 54 }
          }
        ]
      },
      "21": {
        "type": "branch",
        "line": 29,
        "loc": {
          "start": { "line": 29, "column": 43 },
          "end": { "line": 29, "column": 54 }
        },
        "locations": [
          {
            "start": { "line": 29, "column": 43 },
            "end": { "line": 29, "column": 54 }
          }
        ]
      },
      "22": {
        "type": "branch",
        "line": 30,
        "loc": {
          "start": { "line": 30, "column": 4 },
          "end": { "line": 31, "column": 39 }
        },
        "locations": [
          {
            "start": { "line": 30, "column": 4 },
            "end": { "line": 31, "column": 39 }
          }
        ]
      },
      "23": {
        "type": "branch",
        "line": 32,
        "loc": {
          "start": { "line": 32, "column": 4 },
          "end": { "line": 33, "column": 19 }
        },
        "locations": [
          {
            "start": { "line": 32, "column": 4 },
            "end": { "line": 33, "column": 19 }
          }
        ]
      }
    },
    "b": {
      "0": [131],
      "1": [8],
      "2": [7],
      "3": [51],
      "4": [5],
      "5": [1],
      "6": [8],
      "7": [7],
      "8": [1],
      "9": [52],
      "10": [51],
      "11": [1],
      "12": [1],
      "13": [0],
      "14": [1],
      "15": [0],
      "16": [1],
      "17": [0],
      "18": [1],
      "19": [0],
      "20": [1],
      "21": [0],
      "22": [0],
      "23": [2]
    },
    "fnMap": {
      "0": {
        "name": "getColumnValue",
        "decl": {
          "start": { "line": 4, "column": 0 },
          "end": { "line": 35, "column": 1 }
        },
        "loc": {
          "start": { "line": 4, "column": 0 },
          "end": { "line": 35, "column": 1 }
        },
        "line": 4
      }
    },
    "f": { "0": 131 }
  },
  "/Users/ales/Desktop/Cources/React/react-performance/src/store/index.ts": {
    "path": "/Users/ales/Desktop/Cources/React/react-performance/src/store/index.ts",
    "all": false,
    "statementMap": {
      "0": {
        "start": { "line": 1, "column": 0 },
        "end": { "line": 1, "column": 50 }
      },
      "1": {
        "start": { "line": 2, "column": 0 },
        "end": { "line": 2, "column": 57 }
      },
      "3": {
        "start": { "line": 4, "column": 0 },
        "end": { "line": 4, "column": 30 }
      },
      "4": {
        "start": { "line": 5, "column": 0 },
        "end": { "line": 5, "column": 12 }
      },
      "5": {
        "start": { "line": 6, "column": 0 },
        "end": { "line": 6, "column": 32 }
      },
      "6": {
        "start": { "line": 7, "column": 0 },
        "end": { "line": 7, "column": 4 }
      },
      "7": {
        "start": { "line": 8, "column": 0 },
        "end": { "line": 8, "column": 3 }
      },
      "11": {
        "start": { "line": 12, "column": 0 },
        "end": { "line": 12, "column": 21 }
      }
    },
    "s": { "0": 1, "1": 1, "3": 1, "4": 1, "5": 1, "6": 1, "7": 1, "11": 1 },
    "branchMap": {},
    "b": {},
    "fnMap": {},
    "f": {}
  },
  "/Users/ales/Desktop/Cources/React/react-performance/src/store/types.ts": {
    "path": "/Users/ales/Desktop/Cources/React/react-performance/src/store/types.ts",
    "all": true,
    "statementMap": {},
    "s": {},
    "branchMap": {
      "0": {
        "type": "branch",
        "line": 1,
        "loc": {
          "start": { "line": 1, "column": 0 },
          "end": { "line": 1, "column": 0 }
        },
        "locations": [
          {
            "start": { "line": 1, "column": 0 },
            "end": { "line": 1, "column": 0 }
          }
        ]
      }
    },
    "b": { "0": [1] },
    "fnMap": {
      "0": {
        "name": "(empty-report)",
        "decl": {
          "start": { "line": 1, "column": 0 },
          "end": { "line": 1, "column": 0 }
        },
        "loc": {
          "start": { "line": 1, "column": 0 },
          "end": { "line": 1, "column": 0 }
        },
        "line": 1
      }
    },
    "f": { "0": 1 }
  },
  "/Users/ales/Desktop/Cources/React/react-performance/src/store/slices/countriesReducer.ts": {
    "path": "/Users/ales/Desktop/Cources/React/react-performance/src/store/slices/countriesReducer.ts",
    "all": false,
    "statementMap": {
      "0": {
        "start": { "line": 1, "column": 0 },
        "end": { "line": 1, "column": 65 }
      },
      "1": {
        "start": { "line": 2, "column": 0 },
        "end": { "line": 2, "column": 50 }
      },
      "4": {
        "start": { "line": 5, "column": 0 },
        "end": { "line": 5, "column": 45 }
      },
      "5": {
        "start": { "line": 6, "column": 0 },
        "end": { "line": 6, "column": 27 }
      },
      "6": {
        "start": { "line": 7, "column": 0 },
        "end": { "line": 7, "column": 15 }
      },
      "7": {
        "start": { "line": 8, "column": 0 },
        "end": { "line": 8, "column": 41 }
      },
      "8": {
        "start": { "line": 9, "column": 0 },
        "end": { "line": 9, "column": 16 }
      },
      "9": {
        "start": { "line": 10, "column": 0 },
        "end": { "line": 10, "column": 3 }
      },
      "10": {
        "start": { "line": 11, "column": 0 },
        "end": { "line": 11, "column": 2 }
      },
      "19": {
        "start": { "line": 20, "column": 0 },
        "end": { "line": 20, "column": 38 }
      },
      "20": {
        "start": { "line": 21, "column": 0 },
        "end": { "line": 21, "column": 16 }
      },
      "21": {
        "start": { "line": 22, "column": 0 },
        "end": { "line": 22, "column": 16 }
      },
      "22": {
        "start": { "line": 23, "column": 0 },
        "end": { "line": 23, "column": 17 }
      },
      "23": {
        "start": { "line": 24, "column": 0 },
        "end": { "line": 24, "column": 14 }
      },
      "24": {
        "start": { "line": 25, "column": 0 },
        "end": { "line": 25, "column": 2 }
      },
      "26": {
        "start": { "line": 27, "column": 0 },
        "end": { "line": 27, "column": 36 }
      },
      "27": {
        "start": { "line": 28, "column": 0 },
        "end": { "line": 28, "column": 20 }
      },
      "28": {
        "start": { "line": 29, "column": 0 },
        "end": { "line": 29, "column": 15 }
      },
      "29": {
        "start": { "line": 30, "column": 0 },
        "end": { "line": 30, "column": 13 }
      },
      "30": {
        "start": { "line": 31, "column": 0 },
        "end": { "line": 31, "column": 38 }
      },
      "31": {
        "start": { "line": 32, "column": 0 },
        "end": { "line": 32, "column": 39 }
      },
      "32": {
        "start": { "line": 33, "column": 0 },
        "end": { "line": 33, "column": 6 }
      },
      "33": {
        "start": { "line": 34, "column": 0 },
        "end": { "line": 34, "column": 4 }
      },
      "34": {
        "start": { "line": 35, "column": 0 },
        "end": { "line": 35, "column": 31 }
      },
      "35": {
        "start": { "line": 36, "column": 0 },
        "end": { "line": 36, "column": 11 }
      },
      "36": {
        "start": { "line": 37, "column": 0 },
        "end": { "line": 37, "column": 49 }
      },
      "37": {
        "start": { "line": 38, "column": 0 },
        "end": { "line": 38, "column": 29 }
      },
      "38": {
        "start": { "line": 39, "column": 0 },
        "end": { "line": 39, "column": 27 }
      },
      "39": {
        "start": { "line": 40, "column": 0 },
        "end": { "line": 40, "column": 8 }
      },
      "40": {
        "start": { "line": 41, "column": 0 },
        "end": { "line": 41, "column": 59 }
      },
      "41": {
        "start": { "line": 42, "column": 0 },
        "end": { "line": 42, "column": 30 }
      },
      "42": {
        "start": { "line": 43, "column": 0 },
        "end": { "line": 43, "column": 39 }
      },
      "43": {
        "start": { "line": 44, "column": 0 },
        "end": { "line": 44, "column": 59 }
      },
      "44": {
        "start": { "line": 45, "column": 0 },
        "end": { "line": 45, "column": 8 }
      },
      "45": {
        "start": { "line": 46, "column": 0 },
        "end": { "line": 46, "column": 58 }
      },
      "46": {
        "start": { "line": 47, "column": 0 },
        "end": { "line": 47, "column": 30 }
      },
      "47": {
        "start": { "line": 48, "column": 0 },
        "end": { "line": 48, "column": 73 }
      },
      "48": {
        "start": { "line": 49, "column": 0 },
        "end": { "line": 49, "column": 9 }
      },
      "49": {
        "start": { "line": 50, "column": 0 },
        "end": { "line": 50, "column": 4 }
      },
      "50": {
        "start": { "line": 51, "column": 0 },
        "end": { "line": 51, "column": 3 }
      },
      "52": {
        "start": { "line": 53, "column": 0 },
        "end": { "line": 53, "column": 55 }
      },
      "53": {
        "start": { "line": 54, "column": 0 },
        "end": { "line": 54, "column": 38 }
      }
    },
    "s": {
      "0": 1,
      "1": 1,
      "4": 1,
      "5": 1,
      "6": 1,
      "7": 8,
      "8": 0,
      "9": 8,
      "10": 1,
      "19": 1,
      "20": 1,
      "21": 1,
      "22": 1,
      "23": 1,
      "24": 1,
      "26": 1,
      "27": 1,
      "28": 1,
      "29": 1,
      "30": 1,
      "31": 0,
      "32": 0,
      "33": 1,
      "34": 1,
      "35": 6,
      "36": 6,
      "37": 8,
      "38": 8,
      "39": 6,
      "40": 6,
      "41": 0,
      "42": 0,
      "43": 0,
      "44": 6,
      "45": 6,
      "46": 0,
      "47": 0,
      "48": 6,
      "49": 6,
      "50": 1,
      "52": 1,
      "53": 1
    },
    "branchMap": {
      "0": {
        "type": "branch",
        "line": 7,
        "loc": {
          "start": { "line": 7, "column": 2 },
          "end": { "line": 10, "column": 3 }
        },
        "locations": [
          {
            "start": { "line": 7, "column": 2 },
            "end": { "line": 10, "column": 3 }
          }
        ]
      },
      "1": {
        "type": "branch",
        "line": 8,
        "loc": {
          "start": { "line": 8, "column": 39 },
          "end": { "line": 9, "column": 16 }
        },
        "locations": [
          {
            "start": { "line": 8, "column": 39 },
            "end": { "line": 9, "column": 16 }
          }
        ]
      },
      "2": {
        "type": "branch",
        "line": 35,
        "loc": {
          "start": { "line": 35, "column": 17 },
          "end": { "line": 50, "column": 4 }
        },
        "locations": [
          {
            "start": { "line": 35, "column": 17 },
            "end": { "line": 50, "column": 4 }
          }
        ]
      },
      "3": {
        "type": "branch",
        "line": 37,
        "loc": {
          "start": { "line": 37, "column": 37 },
          "end": { "line": 40, "column": 7 }
        },
        "locations": [
          {
            "start": { "line": 37, "column": 37 },
            "end": { "line": 40, "column": 7 }
          }
        ]
      }
    },
    "b": { "0": [8], "1": [0], "2": [6], "3": [8] },
    "fnMap": {
      "0": {
        "name": "setCountries",
        "decl": {
          "start": { "line": 31, "column": 18 },
          "end": { "line": 33, "column": 6 }
        },
        "loc": {
          "start": { "line": 31, "column": 18 },
          "end": { "line": 33, "column": 6 }
        },
        "line": 31
      },
      "1": {
        "name": "extraReducers",
        "decl": {
          "start": { "line": 35, "column": 17 },
          "end": { "line": 50, "column": 4 }
        },
        "loc": {
          "start": { "line": 35, "column": 17 },
          "end": { "line": 50, "column": 4 }
        },
        "line": 35
      }
    },
    "f": { "0": 0, "1": 6 }
  }
}
